<?xml version="1.0" encoding="UTF-8"?>
<robot generator="Robot 7.1 (Python 3.12.3 on win32)" generated="2024-10-16T19:26:17.636767" rpa="false" schemaversion="5">
<suite id="s1" name="Test" source="C:\PyCharmProjects\Demoblaze\tests\test.robot">
<test id="s1-t1" name="Verificar el registro de usuario" line="14">
<kw name="Inicializar navegador" owner="keywords" type="SETUP">
<kw name="Open Browser" owner="SeleniumLibrary">
<msg time="2024-10-16T19:26:17.810906" level="INFO">Opening browser 'chrome' to base url 'https://www.demoblaze.com/'.</msg>
<arg>${URL}</arg>
<arg>${BROWSER}</arg>
<doc>Opens a new browser instance to the optional ``url``.</doc>
<status status="PASS" start="2024-10-16T19:26:17.810906" elapsed="2.236976"/>
</kw>
<kw name="Maximize Browser Window" owner="SeleniumLibrary">
<doc>Maximizes current browser window.</doc>
<status status="PASS" start="2024-10-16T19:26:20.047882" elapsed="0.026929"/>
</kw>
<status status="PASS" start="2024-10-16T19:26:17.809909" elapsed="2.264902"/>
</kw>
<kw name="Registrar usuario" owner="keywords">
<kw name="Click Link" owner="SeleniumLibrary">
<msg time="2024-10-16T19:26:20.075807" level="INFO">Clicking link 'Sign up'.</msg>
<arg>Sign up</arg>
<doc>Clicks a link identified by ``locator``.</doc>
<status status="PASS" start="2024-10-16T19:26:20.075807" elapsed="0.105718"/>
</kw>
<kw name="Sleep" owner="BuiltIn">
<msg time="2024-10-16T19:26:21.181802" level="INFO">Slept 1 second.</msg>
<arg>1s</arg>
<doc>Pauses the test executed for the given time.</doc>
<status status="PASS" start="2024-10-16T19:26:20.181525" elapsed="1.000277"/>
</kw>
<kw name="Input Text" owner="SeleniumLibrary">
<msg time="2024-10-16T19:26:21.181802" level="INFO">Typing text 'standard_userndkjsbkfcsbkcbskjcb' into text field 'id:sign-username'.</msg>
<arg>id:sign-username</arg>
<arg>${username}</arg>
<doc>Types the given ``text`` into the text field identified by ``locator``.</doc>
<status status="PASS" start="2024-10-16T19:26:21.181802" elapsed="0.118816"/>
</kw>
<kw name="Input Text" owner="SeleniumLibrary">
<msg time="2024-10-16T19:26:21.300618" level="INFO">Typing text 'secret_sauce' into text field 'id:sign-password'.</msg>
<arg>id:sign-password</arg>
<arg>${password}</arg>
<doc>Types the given ``text`` into the text field identified by ``locator``.</doc>
<status status="PASS" start="2024-10-16T19:26:21.300618" elapsed="0.071910"/>
</kw>
<kw name="Click Button" owner="SeleniumLibrary">
<msg time="2024-10-16T19:26:21.372528" level="INFO">Clicking button 'xpath=//button[text()='Sign up']'.</msg>
<arg>xpath=//button[text()='Sign up']</arg>
<doc>Clicks the button identified by ``locator``.</doc>
<status status="PASS" start="2024-10-16T19:26:21.372528" elapsed="0.040033"/>
</kw>
<kw name="Sleep" owner="BuiltIn">
<msg time="2024-10-16T19:26:22.412712" level="INFO">Slept 1 second.</msg>
<arg>1s</arg>
<doc>Pauses the test executed for the given time.</doc>
<status status="PASS" start="2024-10-16T19:26:21.412561" elapsed="1.000151"/>
</kw>
<arg>${USUARIO_VALIDO}</arg>
<arg>${CONTRASEÑA_VALIDA}</arg>
<status status="PASS" start="2024-10-16T19:26:20.074811" elapsed="2.337901"/>
</kw>
<kw name="Iniciar sesion" owner="keywords">
<kw name="Click Link" owner="SeleniumLibrary">
<msg time="2024-10-16T19:26:22.413729" level="INFO">Clicking link 'Log in'.</msg>
<msg time="2024-10-16T19:26:22.659108" level="INFO" html="true">&lt;/td&gt;&lt;/tr&gt;&lt;tr&gt;&lt;td colspan="3"&gt;&lt;a href="selenium-screenshot-13.png"&gt;&lt;img src="selenium-screenshot-13.png" width="800px"&gt;&lt;/a&gt;</msg>
<msg time="2024-10-16T19:26:22.660065" level="FAIL">UnexpectedAlertPresentException: Alert Text: Sign up successful.
Message: unexpected alert open: {Alert text : Sign up successful.}
  (Session info: chrome=129.0.6668.100)
Stacktrace:
	GetHandleVerifier [0x00007FF71B13B095+29557]
	(No symbol) [0x00007FF71B0AFA50]
	(No symbol) [0x00007FF71AF6B56A]
	(No symbol) [0x00007FF71B0090D9]
	(No symbol) [0x00007FF71AFE6F33]
	(No symbol) [0x00007FF71AFB116F]
	(No symbol) [0x00007FF71AFB22D1]
	GetHandleVerifier [0x00007FF71B46C96D+3378253]
	GetHandleVerifier [0x00007FF71B4B8497+3688311]
	GetHandleVerifier [0x00007FF71B4AD1CB+3642539]
	GetHandleVerifier [0x00007FF71B1FA6B6+813462]
	(No symbol) [0x00007FF71B0BAB5F]
	(No symbol) [0x00007FF71B0B6B74]
	(No symbol) [0x00007FF71B0B6D10]
	(No symbol) [0x00007FF71B0A5C1F]
	BaseThreadInitThunk [0x00007FFFD68B257D+29]
	RtlUserThreadStart [0x00007FFFD764AF08+40]
</msg>
<arg>Log in</arg>
<doc>Clicks a link identified by ``locator``.</doc>
<status status="FAIL" start="2024-10-16T19:26:22.412712" elapsed="0.249348">UnexpectedAlertPresentException: Alert Text: Sign up successful.
Message: unexpected alert open: {Alert text : Sign up successful.}
  (Session info: chrome=129.0.6668.100)
Stacktrace:
	GetHandleVerifier [0x00007FF71B13B095+29557]
	(No symbol) [0x00007FF71B0AFA50]
	(No symbol) [0x00007FF71AF6B56A]
	(No symbol) [0x00007FF71B0090D9]
	(No symbol) [0x00007FF71AFE6F33]
	(No symbol) [0x00007FF71AFB116F]
	(No symbol) [0x00007FF71AFB22D1]
	GetHandleVerifier [0x00007FF71B46C96D+3378253]
	GetHandleVerifier [0x00007FF71B4B8497+3688311]
	GetHandleVerifier [0x00007FF71B4AD1CB+3642539]
	GetHandleVerifier [0x00007FF71B1FA6B6+813462]
	(No symbol) [0x00007FF71B0BAB5F]
	(No symbol) [0x00007FF71B0B6B74]
	(No symbol) [0x00007FF71B0B6D10]
	(No symbol) [0x00007FF71B0A5C1F]
	BaseThreadInitThunk [0x00007FFFD68B257D+29]
	RtlUserThreadStart [0x00007FFFD764AF08+40]
</status>
</kw>
<kw name="Sleep" owner="BuiltIn">
<arg>1s</arg>
<doc>Pauses the test executed for the given time.</doc>
<status status="NOT RUN" start="2024-10-16T19:26:22.662060" elapsed="0.000000"/>
</kw>
<kw name="Input Text" owner="SeleniumLibrary">
<arg>id:loginusername</arg>
<arg>${username}</arg>
<doc>Types the given ``text`` into the text field identified by ``locator``.</doc>
<status status="NOT RUN" start="2024-10-16T19:26:22.662060" elapsed="0.000000"/>
</kw>
<kw name="Input Text" owner="SeleniumLibrary">
<arg>id:loginpassword</arg>
<arg>${password}</arg>
<doc>Types the given ``text`` into the text field identified by ``locator``.</doc>
<status status="NOT RUN" start="2024-10-16T19:26:22.663058" elapsed="0.000000"/>
</kw>
<kw name="Sleep" owner="BuiltIn">
<arg>1s</arg>
<doc>Pauses the test executed for the given time.</doc>
<status status="NOT RUN" start="2024-10-16T19:26:22.663058" elapsed="0.000000"/>
</kw>
<kw name="Click Button" owner="SeleniumLibrary">
<arg>xpath=//button[text()='Log in']</arg>
<doc>Clicks the button identified by ``locator``.</doc>
<status status="NOT RUN" start="2024-10-16T19:26:22.663058" elapsed="0.000000"/>
</kw>
<arg>${USUARIO_VALIDO}</arg>
<arg>${CONTRASEÑA_VALIDA}</arg>
<status status="FAIL" start="2024-10-16T19:26:22.412712" elapsed="0.250346">UnexpectedAlertPresentException: Alert Text: Sign up successful.
Message: unexpected alert open: {Alert text : Sign up successful.}
  (Session info: chrome=129.0.6668.100)
Stacktrace:
	GetHandleVerifier [0x00007FF71B13B095+29557]
	(No symbol) [0x00007FF71B0AFA50]
	(No symbol) [0x00007FF71AF6B56A]
	(No symbol) [0x00007FF71B0090D9]
	(No symbol) [0x00007FF71AFE6F33]
	(No symbol) [0x00007FF71AFB116F]
	(No symbol) [0x00007FF71AFB22D1]
	GetHandleVerifier [0x00007FF71B46C96D+3378253]
	GetHandleVerifier [0x00007FF71B4B8497+3688311]
	GetHandleVerifier [0x00007FF71B4AD1CB+3642539]
	GetHandleVerifier [0x00007FF71B1FA6B6+813462]
	(No symbol) [0x00007FF71B0BAB5F]
	(No symbol) [0x00007FF71B0B6B74]
	(No symbol) [0x00007FF71B0B6D10]
	(No symbol) [0x00007FF71B0A5C1F]
	BaseThreadInitThunk [0x00007FFFD68B257D+29]
	RtlUserThreadStart [0x00007FFFD764AF08+40]
</status>
</kw>
<kw name="Page Should Contain" owner="SeleniumLibrary">
<arg>Welcome</arg>
<arg>${USUARIO_VALIDO}</arg>
<doc>Verifies that current page contains ``text``.</doc>
<status status="NOT RUN" start="2024-10-16T19:26:22.663058" elapsed="0.000000"/>
</kw>
<kw name="Cerrar el navegador" owner="keywords" type="TEARDOWN">
<kw name="Sleep" owner="BuiltIn">
<msg time="2024-10-16T19:26:24.664661" level="INFO">Slept 2 seconds.</msg>
<arg>2s</arg>
<doc>Pauses the test executed for the given time.</doc>
<status status="PASS" start="2024-10-16T19:26:22.664055" elapsed="2.000606"/>
</kw>
<kw name="Close Browser" owner="SeleniumLibrary">
<doc>Closes the current browser.</doc>
<status status="PASS" start="2024-10-16T19:26:24.664661" elapsed="2.143839"/>
</kw>
<status status="PASS" start="2024-10-16T19:26:22.663058" elapsed="4.145442"/>
</kw>
<status status="FAIL" start="2024-10-16T19:26:17.808934" elapsed="9.000583">UnexpectedAlertPresentException: Alert Text: Sign up successful.
Message: unexpected alert open: {Alert text : Sign up successful.}
  (Session info: chrome=129.0.6668.100)
Stacktrace:
	GetHandleVerifier [0x00007FF71B13B095+29557]
	(No symbol) [0x00007FF71B0AFA50]
	(No symbol) [0x00007FF71AF6B56A]
	(No symbol) [0x00007FF71B0090D9]
	(No symbol) [0x00007FF71AFE6F33]
	(No symbol) [0x00007FF71AFB116F]
	(No symbol) [0x00007FF71AFB22D1]
	GetHandleVerifier [0x00007FF71B46C96D+3378253]
	GetHandleVerifier [0x00007FF71B4B8497+3688311]
	GetHandleVerifier [0x00007FF71B4AD1CB+3642539]
	GetHandleVerifier [0x00007FF71B1FA6B6+813462]
	(No symbol) [0x00007FF71B0BAB5F]
	(No symbol) [0x00007FF71B0B6B74]
	(No symbol) [0x00007FF71B0B6D10]
	(No symbol) [0x00007FF71B0A5C1F]
	BaseThreadInitThunk [0x00007FFFD68B257D+29]
	RtlUserThreadStart [0x00007FFFD764AF08+40]
</status>
</test>
<status status="FAIL" start="2024-10-16T19:26:17.637732" elapsed="9.172783"/>
</suite>
<statistics>
<total>
<stat pass="0" fail="1" skip="0">All Tests</stat>
</total>
<tag>
</tag>
<suite>
<stat pass="0" fail="1" skip="0" id="s1" name="Test">Test</stat>
</suite>
</statistics>
<errors>
</errors>
</robot>
